# JRE version: OpenJDK Runtime Environment (11.0.10) (build 11.0.10+0-b96-7249189)
# Java VM: OpenJDK 64-Bit Server VM (11.0.10+0-b96-7249189, mixed mode, tiered, compressed oops, g1 gc, windows-amd64)
Heap:
 garbage-first heap   total 286720K, used 199655K [0x00000000a0000000, 0x0000000100000000)
  region size 1024K, 81 young (82944K), 2 survivors (2048K)
 Metaspace       used 105628K, capacity 109184K, committed 109320K, reserved 1144832K
  class space    used 13582K, capacity 14838K, committed 14848K, reserved 1048576K
GC Heap History (20 events):
Event: 571.648 GC heap before
{Heap before GC invocations=26 (full 0):
 garbage-first heap   total 283648K, used 205112K [0x00000000a0000000, 0x0000000100000000)
  region size 1024K, 86 young (88064K), 11 survivors (11264K)
 Metaspace       used 103904K, capacity 107190K, committed 107400K, reserved 1142784K
  class space    used 13491K, capacity 14671K, committed 14720K, reserved 1048576K
}
Event: 571.685 GC heap after
{Heap after GC invocations=27 (full 0):
 garbage-first heap   total 283648K, used 139368K [0x00000000a0000000, 0x0000000100000000)
  region size 1024K, 11 young (11264K), 11 survivors (11264K)
 Metaspace       used 103904K, capacity 107190K, committed 107400K, reserved 1142784K
  class space    used 13491K, capacity 14671K, committed 14720K, reserved 1048576K
}
Event: 571.720 GC heap before
{Heap before GC invocations=27 (full 0):
 garbage-first heap   total 283648K, used 139368K [0x00000000a0000000, 0x0000000100000000)
  region size 1024K, 12 young (12288K), 11 survivors (11264K)
 Metaspace       used 103905K, capacity 107190K, committed 107400K, reserved 1142784K
  class space    used 13491K, capacity 14671K, committed 14720K, reserved 1048576K
}
Event: 571.744 GC heap after
{Heap after GC invocations=28 (full 0):
 garbage-first heap   total 283648K, used 140144K [0x00000000a0000000, 0x0000000100000000)
  region size 1024K, 2 young (2048K), 2 survivors (2048K)
 Metaspace       used 103905K, capacity 107190K, committed 107400K, reserved 1142784K
  class space    used 13491K, capacity 14671K, committed 14720K, reserved 1048576K
}
Event: 574.567 GC heap before
{Heap before GC invocations=29 (full 0):
 garbage-first heap   total 283648K, used 281456K [0x00000000a0000000, 0x0000000100000000)
  region size 1024K, 47 young (48128K), 2 survivors (2048K)
 Metaspace       used 104094K, capacity 107372K, committed 107656K, reserved 1142784K
  class space    used 13498K, capacity 14682K, committed 14720K, reserved 1048576K
}
Event: 574.578 GC heap after
{Heap after GC invocations=30 (full 0):
 garbage-first heap   total 285696K, used 140518K [0x00000000a0000000, 0x0000000100000000)
  region size 1024K, 2 young (2048K), 2 survivors (2048K)
 Metaspace       used 104094K, capacity 107372K, committed 107656K, reserved 1142784K
  class space    used 13498K, capacity 14682K, committed 14720K, reserved 1048576K
}
Event: 574.593 GC heap before
{Heap before GC invocations=30 (full 0):
 garbage-first heap   total 285696K, used 150758K [0x00000000a0000000, 0x0000000100000000)
  region size 1024K, 13 young (13312K), 2 survivors (2048K)
 Metaspace       used 104099K, capacity 107372K, committed 107656K, reserved 1142784K
  class space    used 13498K, capacity 14682K, committed 14720K, reserved 1048576K
}
Event: 574.614 GC heap after
{Heap after GC invocations=31 (full 0):
 garbage-first heap   total 285696K, used 130704K [0x00000000a0000000, 0x0000000100000000)
  region size 1024K, 1 young (1024K), 1 survivors (1024K)
 Metaspace       used 104099K, capacity 107372K, committed 107656K, reserved 1142784K
  class space    used 13498K, capacity 14682K, committed 14720K, reserved 1048576K
}
Event: 574.620 GC heap before
{Heap before GC invocations=31 (full 0):
 garbage-first heap   total 285696K, used 131728K [0x00000000a0000000, 0x0000000100000000)
  region size 1024K, 3 young (3072K), 1 survivors (1024K)
 Metaspace       used 104099K, capacity 107372K, committed 107656K, reserved 1142784K
  class space    used 13498K, capacity 14682K, committed 14720K, reserved 1048576K
}
Event: 574.624 GC heap after
{Heap after GC invocations=32 (full 0):
 garbage-first heap   total 285696K, used 130736K [0x00000000a0000000, 0x0000000100000000)
  region size 1024K, 1 young (1024K), 1 survivors (1024K)
 Metaspace       used 104099K, capacity 107372K, committed 107656K, reserved 1142784K
  class space    used 13498K, capacity 14682K, committed 14720K, reserved 1048576K
}
Event: 1043.556 GC heap before
{Heap before GC invocations=33 (full 0):
 garbage-first heap   total 285696K, used 284336K [0x00000000a0000000, 0x0000000100000000)
  region size 1024K, 15 young (15360K), 1 survivors (1024K)
 Metaspace       used 104210K, capacity 107516K, committed 107656K, reserved 1142784K
  class space    used 13501K, capacity 14684K, committed 14720K, reserved 1048576K
}
Event: 1043.566 GC heap after
{Heap after GC invocations=34 (full 0):
 garbage-first heap   total 286720K, used 130763K [0x00000000a0000000, 0x0000000100000000)
  region size 1024K, 1 young (1024K), 1 survivors (1024K)
 Metaspace       used 104210K, capacity 107516K, committed 107656K, reserved 1142784K
  class space    used 13501K, capacity 14684K, committed 14720K, reserved 1048576K
}
Event: 1634.706 GC heap before
{Heap before GC invocations=34 (full 0):
 garbage-first heap   total 286720K, used 144075K [0x00000000a0000000, 0x0000000100000000)
  region size 1024K, 14 young (14336K), 1 survivors (1024K)
 Metaspace       used 104279K, capacity 107581K, committed 107656K, reserved 1142784K
  class space    used 13501K, capacity 14684K, committed 14720K, reserved 1048576K
}
Event: 1634.709 GC heap after
{Heap after GC invocations=35 (full 0):
 garbage-first heap   total 286720K, used 130755K [0x00000000a0000000, 0x0000000100000000)
  region size 1024K, 1 young (1024K), 1 survivors (1024K)
 Metaspace       used 104279K, capacity 107581K, committed 107656K, reserved 1142784K
  class space    used 13501K, capacity 14684K, committed 14720K, reserved 1048576K
}
Event: 4203.153 GC heap before
{Heap before GC invocations=35 (full 0):
 garbage-first heap   total 286720K, used 230083K [0x00000000a0000000, 0x0000000100000000)
  region size 1024K, 99 young (101376K), 1 survivors (1024K)
 Metaspace       used 104478K, capacity 107809K, committed 107912K, reserved 1142784K
  class space    used 13506K, capacity 14693K, committed 14720K, reserved 1048576K
}
Event: 4203.199 GC heap after
{Heap after GC invocations=36 (full 0):
 garbage-first heap   total 286720K, used 135491K [0x00000000a0000000, 0x0000000100000000)
  region size 1024K, 5 young (5120K), 5 survivors (5120K)
 Metaspace       used 104478K, capacity 107809K, committed 107912K, reserved 1142784K
  class space    used 13506K, capacity 14693K, committed 14720K, reserved 1048576K
}
Event: 4239.688 GC heap before
{Heap before GC invocations=37 (full 0):
 garbage-first heap   total 286720K, used 233795K [0x00000000a0000000, 0x0000000100000000)
  region size 1024K, 102 young (104448K), 5 survivors (5120K)
 Metaspace       used 105020K, capacity 108305K, committed 108552K, reserved 1142784K
  class space    used 13503K, capacity 14697K, committed 14848K, reserved 1048576K
}
Event: 4239.697 GC heap after
{Heap after GC invocations=38 (full 0):
 garbage-first heap   total 286720K, used 135050K [0x00000000a0000000, 0x0000000100000000)
  region size 1024K, 5 young (5120K), 5 survivors (5120K)
 Metaspace       used 105020K, capacity 108305K, committed 108552K, reserved 1142784K
  class space    used 13503K, capacity 14697K, committed 14848K, reserved 1048576K
}
Event: 4239.871 GC heap before
{Heap before GC invocations=38 (full 0):
 garbage-first heap   total 286720K, used 144266K [0x00000000a0000000, 0x0000000100000000)
  region size 1024K, 14 young (14336K), 5 survivors (5120K)
 Metaspace       used 105048K, capacity 108370K, committed 108552K, reserved 1142784K
  class space    used 13504K, capacity 14697K, committed 14848K, reserved 1048576K
}
Event: 4239.915 GC heap after
{Heap after GC invocations=39 (full 0):
 garbage-first heap   total 286720K, used 120807K [0x00000000a0000000, 0x0000000100000000)
  region size 1024K, 2 young (2048K), 2 survivors (2048K)
 Metaspace       used 105048K, capacity 108370K, committed 108552K, reserved 1142784K
  class space    used 13504K, capacity 14697K, committed 14848K, reserved 1048576K
}

