# JRE version: OpenJDK Runtime Environment (11.0.10) (build 11.0.10+0-b96-7249189)
# Java VM: OpenJDK 64-Bit Server VM (11.0.10+0-b96-7249189, mixed mode, tiered, compressed oops, g1 gc, windows-amd64)
Heap:
 garbage-first heap   total 262144K, used 127482K [0x00000000a0000000, 0x0000000100000000)
  region size 1024K, 34 young (34816K), 11 survivors (11264K)
 Metaspace       used 89709K, capacity 92546K, committed 92876K, reserved 1128448K
  class space    used 11873K, capacity 12893K, committed 13004K, reserved 1048576K
GC Heap History (20 events):
Event: 4.304 GC heap before
{Heap before GC invocations=5 (full 0):
 garbage-first heap   total 262144K, used 67170K [0x00000000a0000000, 0x0000000100000000)
  region size 1024K, 51 young (52224K), 2 survivors (2048K)
 Metaspace       used 25900K, capacity 26438K, committed 26752K, reserved 1073152K
  class space    used 3378K, capacity 3593K, committed 3712K, reserved 1048576K
}
Event: 4.309 GC heap after
{Heap after GC invocations=6 (full 0):
 garbage-first heap   total 262144K, used 19032K [0x00000000a0000000, 0x0000000100000000)
  region size 1024K, 4 young (4096K), 4 survivors (4096K)
 Metaspace       used 25900K, capacity 26438K, committed 26752K, reserved 1073152K
  class space    used 3378K, capacity 3593K, committed 3712K, reserved 1048576K
}
Event: 5.270 GC heap before
{Heap before GC invocations=6 (full 0):
 garbage-first heap   total 262144K, used 84568K [0x00000000a0000000, 0x0000000100000000)
  region size 1024K, 69 young (70656K), 4 survivors (4096K)
 Metaspace       used 35012K, capacity 35787K, committed 35840K, reserved 1081344K
  class space    used 4531K, capacity 4840K, committed 4864K, reserved 1048576K
}
Event: 5.280 GC heap after
{Heap after GC invocations=7 (full 0):
 garbage-first heap   total 262144K, used 22501K [0x00000000a0000000, 0x0000000100000000)
  region size 1024K, 8 young (8192K), 8 survivors (8192K)
 Metaspace       used 35012K, capacity 35787K, committed 35840K, reserved 1081344K
  class space    used 4531K, capacity 4840K, committed 4864K, reserved 1048576K
}
Event: 6.336 GC heap before
{Heap before GC invocations=8 (full 0):
 garbage-first heap   total 262144K, used 105445K [0x00000000a0000000, 0x0000000100000000)
  region size 1024K, 87 young (89088K), 8 survivors (8192K)
 Metaspace       used 41407K, capacity 42399K, committed 42572K, reserved 1085440K
  class space    used 5307K, capacity 5690K, committed 5708K, reserved 1048576K
}
Event: 6.353 GC heap after
{Heap after GC invocations=9 (full 0):
 garbage-first heap   total 262144K, used 28509K [0x00000000a0000000, 0x0000000100000000)
  region size 1024K, 11 young (11264K), 11 survivors (11264K)
 Metaspace       used 41407K, capacity 42399K, committed 42572K, reserved 1085440K
  class space    used 5307K, capacity 5690K, committed 5708K, reserved 1048576K
}
Event: 8.390 GC heap before
{Heap before GC invocations=9 (full 0):
 garbage-first heap   total 262144K, used 169821K [0x00000000a0000000, 0x0000000100000000)
  region size 1024K, 140 young (143360K), 11 survivors (11264K)
 Metaspace       used 49004K, capacity 50368K, committed 50508K, reserved 1093632K
  class space    used 6221K, capacity 6698K, committed 6732K, reserved 1048576K
}
Event: 8.413 GC heap after
{Heap after GC invocations=10 (full 0):
 garbage-first heap   total 262144K, used 48717K [0x00000000a0000000, 0x0000000100000000)
  region size 1024K, 18 young (18432K), 18 survivors (18432K)
 Metaspace       used 49004K, capacity 50368K, committed 50508K, reserved 1093632K
  class space    used 6221K, capacity 6698K, committed 6732K, reserved 1048576K
}
Event: 9.535 GC heap before
{Heap before GC invocations=10 (full 0):
 garbage-first heap   total 262144K, used 124493K [0x00000000a0000000, 0x0000000100000000)
  region size 1024K, 93 young (95232K), 18 survivors (18432K)
 Metaspace       used 58513K, capacity 60049K, committed 60236K, reserved 1101824K
  class space    used 7439K, capacity 7983K, committed 8012K, reserved 1048576K
}
Event: 9.560 GC heap after
{Heap after GC invocations=11 (full 0):
 garbage-first heap   total 262144K, used 52165K [0x00000000a0000000, 0x0000000100000000)
  region size 1024K, 4 young (4096K), 4 survivors (4096K)
 Metaspace       used 58513K, capacity 60049K, committed 60236K, reserved 1101824K
  class space    used 7439K, capacity 7983K, committed 8012K, reserved 1048576K
}
Event: 11.149 GC heap before
{Heap before GC invocations=12 (full 0):
 garbage-first heap   total 262144K, used 158661K [0x00000000a0000000, 0x0000000100000000)
  region size 1024K, 108 young (110592K), 4 survivors (4096K)
 Metaspace       used 66889K, capacity 68573K, committed 68812K, reserved 1110016K
  class space    used 8500K, capacity 9106K, committed 9164K, reserved 1048576K
}
Event: 11.162 GC heap after
{Heap after GC invocations=13 (full 0):
 garbage-first heap   total 262144K, used 57797K [0x00000000a0000000, 0x0000000100000000)
  region size 1024K, 9 young (9216K), 9 survivors (9216K)
 Metaspace       used 66889K, capacity 68573K, committed 68812K, reserved 1110016K
  class space    used 8500K, capacity 9106K, committed 9164K, reserved 1048576K
}
Event: 12.209 GC heap before
{Heap before GC invocations=13 (full 0):
 garbage-first heap   total 262144K, used 172485K [0x00000000a0000000, 0x0000000100000000)
  region size 1024K, 119 young (121856K), 9 survivors (9216K)
 Metaspace       used 68460K, capacity 70472K, committed 70604K, reserved 1110016K
  class space    used 8707K, capacity 9369K, committed 9420K, reserved 1048576K
}
Event: 12.229 GC heap after
{Heap after GC invocations=14 (full 0):
 garbage-first heap   total 262144K, used 71110K [0x00000000a0000000, 0x0000000100000000)
  region size 1024K, 15 young (15360K), 15 survivors (15360K)
 Metaspace       used 68460K, capacity 70472K, committed 70604K, reserved 1110016K
  class space    used 8707K, capacity 9369K, committed 9420K, reserved 1048576K
}
Event: 13.653 GC heap before
{Heap before GC invocations=14 (full 0):
 garbage-first heap   total 262144K, used 180678K [0x00000000a0000000, 0x0000000100000000)
  region size 1024K, 122 young (124928K), 15 survivors (15360K)
 Metaspace       used 75672K, capacity 77745K, committed 78028K, reserved 1116160K
  class space    used 9875K, capacity 10611K, committed 10700K, reserved 1048576K
}
Event: 13.679 GC heap after
{Heap after GC invocations=15 (full 0):
 garbage-first heap   total 262144K, used 80423K [0x00000000a0000000, 0x0000000100000000)
  region size 1024K, 9 young (9216K), 9 survivors (9216K)
 Metaspace       used 75672K, capacity 77745K, committed 78028K, reserved 1116160K
  class space    used 9875K, capacity 10611K, committed 10700K, reserved 1048576K
}
Event: 15.549 GC heap before
{Heap before GC invocations=15 (full 0):
 garbage-first heap   total 262144K, used 188967K [0x00000000a0000000, 0x0000000100000000)
  region size 1024K, 115 young (117760K), 9 survivors (9216K)
 Metaspace       used 81923K, capacity 84403K, committed 84684K, reserved 1122304K
  class space    used 10745K, capacity 11664K, committed 11724K, reserved 1048576K
}
Event: 15.574 GC heap after
{Heap after GC invocations=16 (full 0):
 garbage-first heap   total 262144K, used 94145K [0x00000000a0000000, 0x0000000100000000)
  region size 1024K, 13 young (13312K), 13 survivors (13312K)
 Metaspace       used 81923K, capacity 84403K, committed 84684K, reserved 1122304K
  class space    used 10745K, capacity 11664K, committed 11724K, reserved 1048576K
}
Event: 17.252 GC heap before
{Heap before GC invocations=16 (full 0):
 garbage-first heap   total 262144K, used 193473K [0x00000000a0000000, 0x0000000100000000)
  region size 1024K, 111 young (113664K), 13 survivors (13312K)
 Metaspace       used 88879K, capacity 91576K, committed 91852K, reserved 1128448K
  class space    used 11736K, capacity 12716K, committed 12748K, reserved 1048576K
}
Event: 17.279 GC heap after
{Heap after GC invocations=17 (full 0):
 garbage-first heap   total 262144K, used 104954K [0x00000000a0000000, 0x0000000100000000)
  region size 1024K, 11 young (11264K), 11 survivors (11264K)
 Metaspace       used 88879K, capacity 91576K, committed 91852K, reserved 1128448K
  class space    used 11736K, capacity 12716K, committed 12748K, reserved 1048576K
}

