# JRE version: OpenJDK Runtime Environment (11.0.10) (build 11.0.10+0-b96-7249189)
# Java VM: OpenJDK 64-Bit Server VM (11.0.10+0-b96-7249189, mixed mode, tiered, compressed oops, g1 gc, windows-amd64)
Heap:
 garbage-first heap   total 262144K, used 121856K [0x00000000a0000000, 0x0000000100000000)
  region size 1024K, 21 young (21504K), 8 survivors (8192K)
 Metaspace       used 97756K, capacity 100780K, committed 101120K, reserved 1136640K
  class space    used 12929K, capacity 14035K, committed 14156K, reserved 1048576K
GC Heap History (20 events):
Event: 6.932 GC heap before
{Heap before GC invocations=6 (full 0):
 garbage-first heap   total 262144K, used 70660K [0x00000000a0000000, 0x0000000100000000)
  region size 1024K, 57 young (58368K), 5 survivors (5120K)
 Metaspace       used 26359K, capacity 26962K, committed 27264K, reserved 1073152K
  class space    used 3428K, capacity 3640K, committed 3712K, reserved 1048576K
}
Event: 6.940 GC heap after
{Heap after GC invocations=7 (full 0):
 garbage-first heap   total 262144K, used 19593K [0x00000000a0000000, 0x0000000100000000)
  region size 1024K, 4 young (4096K), 4 survivors (4096K)
 Metaspace       used 26359K, capacity 26962K, committed 27264K, reserved 1073152K
  class space    used 3428K, capacity 3640K, committed 3712K, reserved 1048576K
}
Event: 8.476 GC heap before
{Heap before GC invocations=7 (full 0):
 garbage-first heap   total 262144K, used 78985K [0x00000000a0000000, 0x0000000100000000)
  region size 1024K, 63 young (64512K), 4 survivors (4096K)
 Metaspace       used 35023K, capacity 35779K, committed 35840K, reserved 1081344K
  class space    used 4526K, capacity 4837K, committed 4864K, reserved 1048576K
}
Event: 8.491 GC heap after
{Heap after GC invocations=8 (full 0):
 garbage-first heap   total 262144K, used 23103K [0x00000000a0000000, 0x0000000100000000)
  region size 1024K, 7 young (7168K), 7 survivors (7168K)
 Metaspace       used 35023K, capacity 35779K, committed 35840K, reserved 1081344K
  class space    used 4526K, capacity 4837K, committed 4864K, reserved 1048576K
}
Event: 11.441 GC heap before
{Heap before GC invocations=9 (full 0):
 garbage-first heap   total 262144K, used 175679K [0x00000000a0000000, 0x0000000100000000)
  region size 1024K, 153 young (156672K), 7 survivors (7168K)
 Metaspace       used 46669K, capacity 47837K, committed 48204K, reserved 1091584K
  class space    used 5973K, capacity 6355K, committed 6476K, reserved 1048576K
}
Event: 11.459 GC heap after
{Heap after GC invocations=10 (full 0):
 garbage-first heap   total 262144K, used 31417K [0x00000000a0000000, 0x0000000100000000)
  region size 1024K, 15 young (15360K), 15 survivors (15360K)
 Metaspace       used 46669K, capacity 47837K, committed 48204K, reserved 1091584K
  class space    used 5973K, capacity 6355K, committed 6476K, reserved 1048576K
}
Event: 14.418 GC heap before
{Heap before GC invocations=10 (full 0):
 garbage-first heap   total 262144K, used 172729K [0x00000000a0000000, 0x0000000100000000)
  region size 1024K, 153 young (156672K), 15 survivors (15360K)
 Metaspace       used 51660K, capacity 53001K, committed 53324K, reserved 1095680K
  class space    used 6640K, capacity 7128K, committed 7244K, reserved 1048576K
}
Event: 14.441 GC heap after
{Heap after GC invocations=11 (full 0):
 garbage-first heap   total 262144K, used 35699K [0x00000000a0000000, 0x0000000100000000)
  region size 1024K, 13 young (13312K), 13 survivors (13312K)
 Metaspace       used 51660K, capacity 53001K, committed 53324K, reserved 1095680K
  class space    used 6640K, capacity 7128K, committed 7244K, reserved 1048576K
}
Event: 16.786 GC heap before
{Heap before GC invocations=11 (full 0):
 garbage-first heap   total 262144K, used 150387K [0x00000000a0000000, 0x0000000100000000)
  region size 1024K, 118 young (120832K), 13 survivors (13312K)
 Metaspace       used 58537K, capacity 60083K, committed 60288K, reserved 1101824K
  class space    used 7463K, capacity 8017K, committed 8140K, reserved 1048576K
}
Event: 16.809 GC heap after
{Heap after GC invocations=12 (full 0):
 garbage-first heap   total 262144K, used 54272K [0x00000000a0000000, 0x0000000100000000)
  region size 1024K, 14 young (14336K), 14 survivors (14336K)
 Metaspace       used 58537K, capacity 60083K, committed 60288K, reserved 1101824K
  class space    used 7463K, capacity 8017K, committed 8140K, reserved 1048576K
}
Event: 19.632 GC heap before
{Heap before GC invocations=13 (full 0):
 garbage-first heap   total 262144K, used 187392K [0x00000000a0000000, 0x0000000100000000)
  region size 1024K, 144 young (147456K), 14 survivors (14336K)
 Metaspace       used 71917K, capacity 73721K, committed 73856K, reserved 1114112K
  class space    used 9175K, capacity 9816K, committed 9932K, reserved 1048576K
}
Event: 19.655 GC heap after
{Heap after GC invocations=14 (full 0):
 garbage-first heap   total 262144K, used 62300K [0x00000000a0000000, 0x0000000100000000)
  region size 1024K, 17 young (17408K), 17 survivors (17408K)
 Metaspace       used 71917K, capacity 73721K, committed 73856K, reserved 1114112K
  class space    used 9175K, capacity 9816K, committed 9932K, reserved 1048576K
}
Event: 22.240 GC heap before
{Heap before GC invocations=15 (full 0):
 garbage-first heap   total 262144K, used 196444K [0x00000000a0000000, 0x0000000100000000)
  region size 1024K, 145 young (148480K), 17 survivors (17408K)
 Metaspace       used 74336K, capacity 76546K, committed 76800K, reserved 1116160K
  class space    used 9486K, capacity 10215K, committed 10316K, reserved 1048576K
}
Event: 22.322 GC heap after
{Heap after GC invocations=16 (full 0):
 garbage-first heap   total 262144K, used 76551K [0x00000000a0000000, 0x0000000100000000)
  region size 1024K, 19 young (19456K), 19 survivors (19456K)
 Metaspace       used 74336K, capacity 76546K, committed 76800K, reserved 1116160K
  class space    used 9486K, capacity 10215K, committed 10316K, reserved 1048576K
}
Event: 25.210 GC heap before
{Heap before GC invocations=16 (full 0):
 garbage-first heap   total 262144K, used 198407K [0x00000000a0000000, 0x0000000100000000)
  region size 1024K, 138 young (141312K), 19 survivors (19456K)
 Metaspace       used 82359K, capacity 84730K, committed 84864K, reserved 1122304K
  class space    used 10781K, capacity 11625K, committed 11724K, reserved 1048576K
}
Event: 25.242 GC heap after
{Heap after GC invocations=17 (full 0):
 garbage-first heap   total 262144K, used 86528K [0x00000000a0000000, 0x0000000100000000)
  region size 1024K, 10 young (10240K), 10 survivors (10240K)
 Metaspace       used 82359K, capacity 84730K, committed 84864K, reserved 1122304K
  class space    used 10781K, capacity 11625K, committed 11724K, reserved 1048576K
}
Event: 28.119 GC heap before
{Heap before GC invocations=17 (full 0):
 garbage-first heap   total 262144K, used 204288K [0x00000000a0000000, 0x0000000100000000)
  region size 1024K, 124 young (126976K), 10 survivors (10240K)
 Metaspace       used 91058K, capacity 93634K, committed 93824K, reserved 1130496K
  class space    used 11987K, capacity 12910K, committed 13004K, reserved 1048576K
}
Event: 28.148 GC heap after
{Heap after GC invocations=18 (full 0):
 garbage-first heap   total 262144K, used 101376K [0x00000000a0000000, 0x0000000100000000)
  region size 1024K, 12 young (12288K), 12 survivors (12288K)
 Metaspace       used 91058K, capacity 93634K, committed 93824K, reserved 1130496K
  class space    used 11987K, capacity 12910K, committed 13004K, reserved 1048576K
}
Event: 30.750 GC heap before
{Heap before GC invocations=18 (full 0):
 garbage-first heap   total 262144K, used 206848K [0x00000000a0000000, 0x0000000100000000)
  region size 1024K, 116 young (118784K), 12 survivors (12288K)
 Metaspace       used 96902K, capacity 99878K, committed 100224K, reserved 1136640K
  class space    used 12831K, capacity 13928K, committed 14028K, reserved 1048576K
}
Event: 30.772 GC heap after
{Heap after GC invocations=19 (full 0):
 garbage-first heap   total 262144K, used 109568K [0x00000000a0000000, 0x0000000100000000)
  region size 1024K, 8 young (8192K), 8 survivors (8192K)
 Metaspace       used 96902K, capacity 99878K, committed 100224K, reserved 1136640K
  class space    used 12831K, capacity 13928K, committed 14028K, reserved 1048576K
}

